<?xml version="1.0" encoding="UTF-8"?>
<testng-results skipped="0" failed="0" ignored="0" total="1" passed="1">
  <reporter-output>
  </reporter-output>
  <suite name="Default suite" duration-ms="32" started-at="2018-05-09T23:07:08Z" finished-at="2018-05-09T23:07:09Z">
    <groups>
    </groups>
    <test name="Default test" duration-ms="32" started-at="2018-05-09T23:07:08Z" finished-at="2018-05-09T23:07:09Z">
      <class name="com.udemy.testng.TestCaseOne">
        <test-method status="PASS" signature="beforeTest()[pri:0, instance:com.udemy.testng.TestCaseOne@34cd072c]" name="beforeTest" is-config="true" duration-ms="10" started-at="2018-05-09T23:07:08Z" finished-at="2018-05-09T23:07:08Z">
          <reporter-output>
          </reporter-output>
        </test-method> <!-- beforeTest -->
        <test-method status="PASS" signature="beforeClass()[pri:0, instance:com.udemy.testng.TestCaseOne@34cd072c]" name="beforeClass" is-config="true" duration-ms="0" started-at="2018-05-09T23:07:08Z" finished-at="2018-05-09T23:07:08Z">
          <reporter-output>
          </reporter-output>
        </test-method> <!-- beforeClass -->
        <test-method status="PASS" signature="f()[pri:0, instance:com.udemy.testng.TestCaseOne@34cd072c]" name="f" duration-ms="4" started-at="2018-05-09T23:07:08Z" finished-at="2018-05-09T23:07:08Z">
          <reporter-output>
          </reporter-output>
        </test-method> <!-- f -->
        <test-method status="PASS" signature="afterClass()[pri:0, instance:com.udemy.testng.TestCaseOne@34cd072c]" name="afterClass" is-config="true" duration-ms="1" started-at="2018-05-09T23:07:09Z" finished-at="2018-05-09T23:07:09Z">
          <reporter-output>
          </reporter-output>
        </test-method> <!-- afterClass -->
        <test-method status="PASS" signature="afterTest()[pri:0, instance:com.udemy.testng.TestCaseOne@34cd072c]" name="afterTest" is-config="true" duration-ms="0" started-at="2018-05-09T23:07:09Z" finished-at="2018-05-09T23:07:09Z">
          <reporter-output>
          </reporter-output>
        </test-method> <!-- afterTest -->
      </class> <!-- com.udemy.testng.TestCaseOne -->
    </test> <!-- Default test -->
  </suite> <!-- Default suite -->
</testng-results>
